Traceback (most recent call last):
  File "/orcd/software/core/001/pkg/miniforge/24.3.0-0/lib/python3.10/site-packages/torch/_dynamo/output_graph.py", line 1446, in _call_user_compiler
    compiled_fn = compiler_fn(gm, self.example_inputs())
  File "/orcd/software/core/001/pkg/miniforge/24.3.0-0/lib/python3.10/site-packages/torch/_dynamo/repro/after_dynamo.py", line 129, in __call__
    compiled_gm = compiler_fn(gm, example_inputs)
  File "/orcd/software/core/001/pkg/miniforge/24.3.0-0/lib/python3.10/site-packages/torch/__init__.py", line 2234, in __call__
    return compile_fx(model_, inputs_, config_patches=self.config)
  File "/orcd/software/core/001/pkg/miniforge/24.3.0-0/lib/python3.10/site-packages/torch/_inductor/compile_fx.py", line 1521, in compile_fx
    return aot_autograd(
  File "/orcd/software/core/001/pkg/miniforge/24.3.0-0/lib/python3.10/site-packages/torch/_dynamo/backends/common.py", line 72, in __call__
    cg = aot_module_simplified(gm, example_inputs, **self.kwargs)
  File "/orcd/software/core/001/pkg/miniforge/24.3.0-0/lib/python3.10/site-packages/torch/_functorch/aot_autograd.py", line 1071, in aot_module_simplified
    compiled_fn = dispatch_and_compile()
  File "/orcd/software/core/001/pkg/miniforge/24.3.0-0/lib/python3.10/site-packages/torch/_functorch/aot_autograd.py", line 1056, in dispatch_and_compile
    compiled_fn, _ = create_aot_dispatcher_function(
  File "/orcd/software/core/001/pkg/miniforge/24.3.0-0/lib/python3.10/site-packages/torch/_functorch/aot_autograd.py", line 522, in create_aot_dispatcher_function
    return _create_aot_dispatcher_function(
  File "/orcd/software/core/001/pkg/miniforge/24.3.0-0/lib/python3.10/site-packages/torch/_functorch/aot_autograd.py", line 759, in _create_aot_dispatcher_function
    compiled_fn, fw_metadata = compiler_fn(
  File "/orcd/software/core/001/pkg/miniforge/24.3.0-0/lib/python3.10/site-packages/torch/_functorch/_aot_autograd/jit_compile_runtime_wrappers.py", line 179, in aot_dispatch_base
    compiled_fw = compiler(fw_module, updated_flat_args)
  File "/orcd/software/core/001/pkg/miniforge/24.3.0-0/lib/python3.10/site-packages/torch/_inductor/compile_fx.py", line 1350, in fw_compiler_base
    return _fw_compiler_base(model, example_inputs, is_inference)
  File "/orcd/software/core/001/pkg/miniforge/24.3.0-0/lib/python3.10/site-packages/torch/_inductor/compile_fx.py", line 1421, in _fw_compiler_base
    return inner_compile(
  File "/orcd/software/core/001/pkg/miniforge/24.3.0-0/lib/python3.10/site-packages/torch/_inductor/compile_fx.py", line 475, in compile_fx_inner
    return wrap_compiler_debug(_compile_fx_inner, compiler_name="inductor")(
  File "/orcd/software/core/001/pkg/miniforge/24.3.0-0/lib/python3.10/site-packages/torch/_dynamo/repro/after_aot.py", line 85, in debug_wrapper
    inner_compiled_fn = compiler_fn(gm, example_inputs)
  File "/orcd/software/core/001/pkg/miniforge/24.3.0-0/lib/python3.10/site-packages/torch/_inductor/compile_fx.py", line 661, in _compile_fx_inner
    compiled_graph = FxGraphCache.load(
  File "/orcd/software/core/001/pkg/miniforge/24.3.0-0/lib/python3.10/site-packages/torch/_inductor/codecache.py", line 1334, in load
    compiled_graph = compile_fx_fn(
  File "/orcd/software/core/001/pkg/miniforge/24.3.0-0/lib/python3.10/site-packages/torch/_inductor/compile_fx.py", line 570, in codegen_and_compile
    compiled_graph = fx_codegen_and_compile(gm, example_inputs, **fx_kwargs)
  File "/orcd/software/core/001/pkg/miniforge/24.3.0-0/lib/python3.10/site-packages/torch/_inductor/compile_fx.py", line 859, in fx_codegen_and_compile
    graph.run(*example_inputs)
  File "/orcd/software/core/001/pkg/miniforge/24.3.0-0/lib/python3.10/site-packages/torch/_inductor/graph.py", line 780, in run
    return super().run(*args)
  File "/orcd/software/core/001/pkg/miniforge/24.3.0-0/lib/python3.10/site-packages/torch/fx/interpreter.py", line 146, in run
    self.env[node] = self.run_node(node)
  File "/orcd/software/core/001/pkg/miniforge/24.3.0-0/lib/python3.10/site-packages/torch/_inductor/graph.py", line 1319, in run_node
    result = super().run_node(n)
  File "/orcd/software/core/001/pkg/miniforge/24.3.0-0/lib/python3.10/site-packages/torch/fx/interpreter.py", line 203, in run_node
    return getattr(self, n.op)(n.target, args, kwargs)
  File "/orcd/software/core/001/pkg/miniforge/24.3.0-0/lib/python3.10/site-packages/torch/_inductor/graph.py", line 1024, in call_function
    raise LoweringException(e, target, args, kwargs).with_traceback(
  File "/orcd/software/core/001/pkg/miniforge/24.3.0-0/lib/python3.10/site-packages/torch/_inductor/graph.py", line 1021, in call_function
    out = lowerings[target](*args, **kwargs)  # type: ignore[index]
  File "/orcd/software/core/001/pkg/miniforge/24.3.0-0/lib/python3.10/site-packages/torch/_inductor/lowering.py", line 361, in wrapped
    out = decomp_fn(*args, **kwargs)
  File "/orcd/software/core/001/pkg/miniforge/24.3.0-0/lib/python3.10/site-packages/torch/_inductor/lowering.py", line 2933, in embedding
    assert "int" in str(indices.get_dtype())
torch._inductor.exc.LoweringException: AssertionError: 
  target: aten.embedding.default
  args[0]: TensorBox(StorageBox(
    InputBuffer(name='arg6_1', layout=FixedLayout('cuda', torch.float32, size=[11, 64], stride=[64, 1]))
  ))
  args[1]: TensorBox(StorageBox(
    Pointwise(
      'cuda',
      torch.float32,
      def inner_fn(index):
          i0 = index
          tmp0 = ops.constant(0, torch.float32)
          return tmp0
      ,
      ranges=[s0],
      origin_node=full_default,
      origins=OrderedSet([full_default])
    )
  ))

The above exception was the direct cause of the following exception:

Traceback (most recent call last):
  File "/home/willzhao/diffusion/src/main.py", line 117, in <module>
    trained_model = train_ddpm(model, dataloader, scheduler, train_config, device, images_mean, images_std)
  File "/orcd/home/002/willzhao/diffusion/src/training/train_ddpm.py", line 55, in train_ddpm
    save_logs(train_config.run_dir, loss_buffer, step, model, optimizer, scheduler, device, images_mean, images_std)
  File "/orcd/home/002/willzhao/diffusion/src/training/train_ddpm.py", line 20, in save_logs
    samples = sample(model, xT, c, cfg_scale, scheduler) # history list from xT to x0; (T, N, 1, 28, 28)
  File "/orcd/home/002/willzhao/diffusion/src/methods/ddpm/sampler.py", line 24, in sample
    x = single_step(model, x, t_batch, c, cfg_scale, scheduler) # c is (B,), dtype=torch.long, on same device as xT
  File "/orcd/home/002/willzhao/diffusion/src/methods/ddpm/sampler.py", line 12, in single_step
    pred_eps_uncond = model(xt, std_t, None)
  File "/orcd/software/core/001/pkg/miniforge/24.3.0-0/lib/python3.10/site-packages/torch/nn/modules/module.py", line 1736, in _wrapped_call_impl
    return self._call_impl(*args, **kwargs)
  File "/orcd/software/core/001/pkg/miniforge/24.3.0-0/lib/python3.10/site-packages/torch/nn/modules/module.py", line 1747, in _call_impl
    return forward_call(*args, **kwargs)
  File "/orcd/software/core/001/pkg/miniforge/24.3.0-0/lib/python3.10/site-packages/torch/_dynamo/eval_frame.py", line 465, in _fn
    return fn(*args, **kwargs)
  File "/orcd/software/core/001/pkg/miniforge/24.3.0-0/lib/python3.10/site-packages/torch/nn/modules/module.py", line 1736, in _wrapped_call_impl
    return self._call_impl(*args, **kwargs)
  File "/orcd/software/core/001/pkg/miniforge/24.3.0-0/lib/python3.10/site-packages/torch/nn/modules/module.py", line 1747, in _call_impl
    return forward_call(*args, **kwargs)
  File "/orcd/software/core/001/pkg/miniforge/24.3.0-0/lib/python3.10/site-packages/torch/_dynamo/convert_frame.py", line 1269, in __call__
    return self._torchdynamo_orig_callable(
  File "/orcd/software/core/001/pkg/miniforge/24.3.0-0/lib/python3.10/site-packages/torch/_dynamo/convert_frame.py", line 1064, in __call__
    result = self._inner_convert(
  File "/orcd/software/core/001/pkg/miniforge/24.3.0-0/lib/python3.10/site-packages/torch/_dynamo/convert_frame.py", line 526, in __call__
    return _compile(
  File "/orcd/software/core/001/pkg/miniforge/24.3.0-0/lib/python3.10/site-packages/torch/_dynamo/convert_frame.py", line 924, in _compile
    guarded_code = compile_inner(code, one_graph, hooks, transform)
  File "/orcd/software/core/001/pkg/miniforge/24.3.0-0/lib/python3.10/site-packages/torch/_dynamo/convert_frame.py", line 666, in compile_inner
    return _compile_inner(code, one_graph, hooks, transform)
  File "/orcd/software/core/001/pkg/miniforge/24.3.0-0/lib/python3.10/site-packages/torch/_utils_internal.py", line 87, in wrapper_function
    return function(*args, **kwargs)
  File "/orcd/software/core/001/pkg/miniforge/24.3.0-0/lib/python3.10/site-packages/torch/_dynamo/convert_frame.py", line 699, in _compile_inner
    out_code = transform_code_object(code, transform)
  File "/orcd/software/core/001/pkg/miniforge/24.3.0-0/lib/python3.10/site-packages/torch/_dynamo/bytecode_transformation.py", line 1322, in transform_code_object
    transformations(instructions, code_options)
  File "/orcd/software/core/001/pkg/miniforge/24.3.0-0/lib/python3.10/site-packages/torch/_dynamo/convert_frame.py", line 219, in _fn
    return fn(*args, **kwargs)
  File "/orcd/software/core/001/pkg/miniforge/24.3.0-0/lib/python3.10/site-packages/torch/_dynamo/convert_frame.py", line 634, in transform
    tracer.run()
  File "/orcd/software/core/001/pkg/miniforge/24.3.0-0/lib/python3.10/site-packages/torch/_dynamo/symbolic_convert.py", line 2796, in run
    super().run()
  File "/orcd/software/core/001/pkg/miniforge/24.3.0-0/lib/python3.10/site-packages/torch/_dynamo/symbolic_convert.py", line 983, in run
    while self.step():
  File "/orcd/software/core/001/pkg/miniforge/24.3.0-0/lib/python3.10/site-packages/torch/_dynamo/symbolic_convert.py", line 895, in step
    self.dispatch_table[inst.opcode](self, inst)
  File "/orcd/software/core/001/pkg/miniforge/24.3.0-0/lib/python3.10/site-packages/torch/_dynamo/symbolic_convert.py", line 2987, in RETURN_VALUE
    self._return(inst)
  File "/orcd/software/core/001/pkg/miniforge/24.3.0-0/lib/python3.10/site-packages/torch/_dynamo/symbolic_convert.py", line 2972, in _return
    self.output.compile_subgraph(
  File "/orcd/software/core/001/pkg/miniforge/24.3.0-0/lib/python3.10/site-packages/torch/_dynamo/output_graph.py", line 1117, in compile_subgraph
    self.compile_and_call_fx_graph(tx, list(reversed(stack_values)), root)
  File "/orcd/software/core/001/pkg/miniforge/24.3.0-0/lib/python3.10/site-packages/torch/_dynamo/output_graph.py", line 1369, in compile_and_call_fx_graph
    compiled_fn = self.call_user_compiler(gm)
  File "/orcd/software/core/001/pkg/miniforge/24.3.0-0/lib/python3.10/site-packages/torch/_dynamo/output_graph.py", line 1416, in call_user_compiler
    return self._call_user_compiler(gm)
  File "/orcd/software/core/001/pkg/miniforge/24.3.0-0/lib/python3.10/site-packages/torch/_dynamo/output_graph.py", line 1465, in _call_user_compiler
    raise BackendCompilerFailed(self.compiler_fn, e) from e
torch._dynamo.exc.BackendCompilerFailed: backend='inductor' raised:
LoweringException: AssertionError: 
  target: aten.embedding.default
  args[0]: TensorBox(StorageBox(
    InputBuffer(name='arg6_1', layout=FixedLayout('cuda', torch.float32, size=[11, 64], stride=[64, 1]))
  ))
  args[1]: TensorBox(StorageBox(
    Pointwise(
      'cuda',
      torch.float32,
      def inner_fn(index):
          i0 = index
          tmp0 = ops.constant(0, torch.float32)
          return tmp0
      ,
      ranges=[s0],
      origin_node=full_default,
      origins=OrderedSet([full_default])
    )
  ))

Set TORCH_LOGS="+dynamo" and TORCHDYNAMO_VERBOSE=1 for more information


You can suppress this exception and fall back to eager by setting:
    import torch._dynamo
    torch._dynamo.config.suppress_errors = True

