ERROR: pip's dependency resolver does not currently take into account all the packages that are installed. This behaviour is the source of the following dependency conflicts.
tokenizers 0.21.0 requires huggingface-hub<1.0,>=0.16.4, but you have huggingface-hub 1.2.3 which is incompatible.
transformers 4.47.0 requires huggingface-hub<1.0,>=0.24.0, but you have huggingface-hub 1.2.3 which is incompatible.
Traceback (most recent call last):
  File "/home/willzhao/.local/lib/python3.10/site-packages/diffusers/utils/import_utils.py", line 1016, in _get_module
    return importlib.import_module("." + module_name, self.__name__)
  File "/orcd/software/core/001/pkg/miniforge/24.3.0-0/lib/python3.10/importlib/__init__.py", line 126, in import_module
    return _bootstrap._gcd_import(name[level:], package, level)
  File "<frozen importlib._bootstrap>", line 1050, in _gcd_import
  File "<frozen importlib._bootstrap>", line 1027, in _find_and_load
  File "<frozen importlib._bootstrap>", line 1006, in _find_and_load_unlocked
  File "<frozen importlib._bootstrap>", line 688, in _load_unlocked
  File "<frozen importlib._bootstrap_external>", line 883, in exec_module
  File "<frozen importlib._bootstrap>", line 241, in _call_with_frames_removed
  File "/home/willzhao/.local/lib/python3.10/site-packages/diffusers/loaders/single_file_model.py", line 29, in <module>
    from .single_file_utils import (
  File "/home/willzhao/.local/lib/python3.10/site-packages/diffusers/loaders/single_file_utils.py", line 53, in <module>
    from transformers import AutoImageProcessor
  File "/orcd/software/core/001/pkg/miniforge/24.3.0-0/lib/python3.10/site-packages/transformers/__init__.py", line 26, in <module>
    from . import dependency_versions_check
  File "/orcd/software/core/001/pkg/miniforge/24.3.0-0/lib/python3.10/site-packages/transformers/dependency_versions_check.py", line 57, in <module>
    require_version_core(deps[pkg])
  File "/orcd/software/core/001/pkg/miniforge/24.3.0-0/lib/python3.10/site-packages/transformers/utils/versions.py", line 117, in require_version_core
    return require_version(requirement, hint)
  File "/orcd/software/core/001/pkg/miniforge/24.3.0-0/lib/python3.10/site-packages/transformers/utils/versions.py", line 111, in require_version
    _compare_versions(op, got_ver, want_ver, requirement, pkg, hint)
  File "/orcd/software/core/001/pkg/miniforge/24.3.0-0/lib/python3.10/site-packages/transformers/utils/versions.py", line 44, in _compare_versions
    raise ImportError(
ImportError: huggingface-hub>=0.24.0,<1.0 is required for a normal functioning of this module, but found huggingface-hub==1.2.3.
Try: `pip install transformers -U` or `pip install -e '.[dev]'` if you're working with git main

The above exception was the direct cause of the following exception:

Traceback (most recent call last):
  File "/home/willzhao/.local/lib/python3.10/site-packages/diffusers/utils/import_utils.py", line 1016, in _get_module
    return importlib.import_module("." + module_name, self.__name__)
  File "/orcd/software/core/001/pkg/miniforge/24.3.0-0/lib/python3.10/importlib/__init__.py", line 126, in import_module
    return _bootstrap._gcd_import(name[level:], package, level)
  File "<frozen importlib._bootstrap>", line 1050, in _gcd_import
  File "<frozen importlib._bootstrap>", line 1027, in _find_and_load
  File "<frozen importlib._bootstrap>", line 992, in _find_and_load_unlocked
  File "<frozen importlib._bootstrap>", line 241, in _call_with_frames_removed
  File "<frozen importlib._bootstrap>", line 1050, in _gcd_import
  File "<frozen importlib._bootstrap>", line 1027, in _find_and_load
  File "<frozen importlib._bootstrap>", line 1006, in _find_and_load_unlocked
  File "<frozen importlib._bootstrap>", line 688, in _load_unlocked
  File "<frozen importlib._bootstrap_external>", line 883, in exec_module
  File "<frozen importlib._bootstrap>", line 241, in _call_with_frames_removed
  File "/home/willzhao/.local/lib/python3.10/site-packages/diffusers/models/autoencoders/__init__.py", line 1, in <module>
    from .autoencoder_asym_kl import AsymmetricAutoencoderKL
  File "/home/willzhao/.local/lib/python3.10/site-packages/diffusers/models/autoencoders/autoencoder_asym_kl.py", line 23, in <module>
    from .vae import AutoencoderMixin, DecoderOutput, DiagonalGaussianDistribution, Encoder, MaskConditionDecoder
  File "/home/willzhao/.local/lib/python3.10/site-packages/diffusers/models/autoencoders/vae.py", line 25, in <module>
    from ..unets.unet_2d_blocks import (
  File "/home/willzhao/.local/lib/python3.10/site-packages/diffusers/models/unets/__init__.py", line 6, in <module>
    from .unet_2d import UNet2DModel
  File "/home/willzhao/.local/lib/python3.10/site-packages/diffusers/models/unets/unet_2d.py", line 24, in <module>
    from .unet_2d_blocks import UNetMidBlock2D, get_down_block, get_up_block
  File "/home/willzhao/.local/lib/python3.10/site-packages/diffusers/models/unets/unet_2d_blocks.py", line 36, in <module>
    from ..transformers.dual_transformer_2d import DualTransformer2DModel
  File "/home/willzhao/.local/lib/python3.10/site-packages/diffusers/models/transformers/__init__.py", line 5, in <module>
    from .auraflow_transformer_2d import AuraFlowTransformer2DModel
  File "/home/willzhao/.local/lib/python3.10/site-packages/diffusers/models/transformers/auraflow_transformer_2d.py", line 23, in <module>
    from ...loaders import FromOriginalModelMixin, PeftAdapterMixin
  File "<frozen importlib._bootstrap>", line 1075, in _handle_fromlist
  File "/home/willzhao/.local/lib/python3.10/site-packages/diffusers/utils/import_utils.py", line 1006, in __getattr__
    module = self._get_module(self._class_to_module[name])
  File "/home/willzhao/.local/lib/python3.10/site-packages/diffusers/utils/import_utils.py", line 1018, in _get_module
    raise RuntimeError(
RuntimeError: Failed to import diffusers.loaders.single_file_model because of the following error (look up to see its traceback):
huggingface-hub>=0.24.0,<1.0 is required for a normal functioning of this module, but found huggingface-hub==1.2.3.
Try: `pip install transformers -U` or `pip install -e '.[dev]'` if you're working with git main

The above exception was the direct cause of the following exception:

Traceback (most recent call last):
  File "/home/willzhao/diffusion/src/main.py", line 15, in <module>
    from nn.sdvae import get_vae
  File "/orcd/home/002/willzhao/diffusion/src/nn/sdvae.py", line 4, in <module>
    from diffusers import AutoencoderKL
  File "<frozen importlib._bootstrap>", line 1075, in _handle_fromlist
  File "/home/willzhao/.local/lib/python3.10/site-packages/diffusers/utils/import_utils.py", line 1007, in __getattr__
    value = getattr(module, name)
  File "/home/willzhao/.local/lib/python3.10/site-packages/diffusers/utils/import_utils.py", line 1006, in __getattr__
    module = self._get_module(self._class_to_module[name])
  File "/home/willzhao/.local/lib/python3.10/site-packages/diffusers/utils/import_utils.py", line 1018, in _get_module
    raise RuntimeError(
RuntimeError: Failed to import diffusers.models.autoencoders.autoencoder_kl because of the following error (look up to see its traceback):
Failed to import diffusers.loaders.single_file_model because of the following error (look up to see its traceback):
huggingface-hub>=0.24.0,<1.0 is required for a normal functioning of this module, but found huggingface-hub==1.2.3.
Try: `pip install transformers -U` or `pip install -e '.[dev]'` if you're working with git main
